<?xml version="1.0" encoding="UTF-8"?>
<!-- Generated by org.testng.reporters.JUnitXMLReporter -->
<testsuite hostname="epagedev" ignored="0" name="TVSXL verify product price" tests="33" failures="2" timestamp="13 Jun 2019 01:06:11 GMT" time="110.27" errors="0">
  <testcase name="test001" time="0.965" classname="com.testprice.TestPriceComfort"/>
  <testcase name="test001" time="0.942" classname="com.testprice.TestPriceComfort"/>
  <testcase name="test001" time="0.838" classname="com.testprice.TestPriceComfort"/>
  <testcase name="test001" time="1.048" classname="com.testprice.TestPriceComfort"/>
  <testcase name="test001" time="1.047" classname="com.testprice.TestPriceComfort"/>
  <testcase name="test001" time="0.865" classname="com.testprice.TestPriceComfort"/>
  <testcase name="test001" time="1.073" classname="com.testprice.TestPriceComfort"/>
  <testcase name="test001" time="0.988" classname="com.testprice.TestPriceComfort"/>
  <testcase name="test001" time="1.039" classname="com.testprice.TestPriceComfort"/>
  <testcase name="test001" time="30.578" classname="com.testprice.TestPriceComfort">
    <failure type="java.lang.AssertionError" message="expected [.0] but found [29990.0]">
      <![CDATA[java.lang.AssertionError: expected [.0] but found [29990.0]
at com.testprice.TestPriceComfort.test001(TestPriceComfort.java:45)
... Removed 31 stack frames]]>
    </failure>
  </testcase> <!-- test001 -->
  <testcase name="test001" time="0.912" classname="com.testprice.TestPriceComfort"/>
  <testcase name="test001" time="0.816" classname="com.testprice.TestPriceComfort"/>
  <testcase name="test001" time="0.984" classname="com.testprice.TestPriceComfort"/>
  <testcase name="test001" time="0.765" classname="com.testprice.TestPriceComfort"/>
  <testcase name="test001" time="1.089" classname="com.testprice.TestPriceComfort"/>
  <testcase name="test001" time="30.058" classname="com.testprice.TestPriceComfort">
    <failure type="java.lang.AssertionError" message="expected [.0] but found [29990.0]">
      <![CDATA[java.lang.AssertionError: expected [.0] but found [29990.0]
at com.testprice.TestPriceComfort.test001(TestPriceComfort.java:45)
... Removed 31 stack frames]]>
    </failure>
  </testcase> <!-- test001 -->
  <testcase name="test001" time="1.085" classname="com.testprice.TestPriceComfort"/>
  <testcase name="test001" time="1.168" classname="com.testprice.TestPriceComfort"/>
  <testcase name="test001" time="0.977" classname="com.testprice.TestPriceComfort"/>
  <testcase name="test001" time="0.988" classname="com.testprice.TestPriceComfort"/>
  <testcase name="test001" time="0.896" classname="com.testprice.TestPriceComfort"/>
  <testcase name="test001" time="0.896" classname="com.testprice.TestPriceComfort"/>
  <testcase name="test001" time="0.893" classname="com.testprice.TestPriceComfort"/>
  <testcase name="test001" time="1.005" classname="com.testprice.TestPriceComfort"/>
  <testcase name="test001" time="0.983" classname="com.testprice.TestPriceComfort"/>
  <testcase name="test001" time="0.995" classname="com.testprice.TestPriceComfort"/>
  <testcase name="test001" time="0.866" classname="com.testprice.TestPriceComfort"/>
  <testcase name="test001" time="1.018" classname="com.testprice.TestPriceComfort"/>
  <testcase name="test001" time="0.98" classname="com.testprice.TestPriceComfort"/>
  <testcase name="test001" time="0.721" classname="com.testprice.TestPriceComfort"/>
  <testcase name="test001" time="0.884" classname="com.testprice.TestPriceComfort"/>
  <testcase name="test001" time="0.794" classname="com.testprice.TestPriceComfort"/>
  <testcase name="test001" time="0.934" classname="com.testprice.TestPriceComfort"/>
</testsuite> <!-- TVSXL verify product price -->
